[INFO ] 2023-09-10 10:06:47.297 [main] Log - User navigates to LMS Home Page
[INFO ] 2023-09-10 10:06:47.397 [main] Log - Verified that user is on LMS Home Page
[INFO ] 2023-09-10 10:06:47.602 [main] Log - User navigates to LMS Home Page
[ERROR] 2023-09-10 10:07:37.693 [main] Log - no such element: Unable to locate element: {"method":"xpath","selector":"//a[text()='Login']"}
  (Session info: chrome=116.0.5845.179)
For documentation on this error, please visit: https://www.selenium.dev/documentation/webdriver/troubleshooting/errors#no-such-element-exception
Build info: version: '4.11.0', revision: '040bc5406b'
System info: os.name: 'Mac OS X', os.arch: 'x86_64', os.version: '12.1', java.version: '1.8.0_371'
Driver info: org.openqa.selenium.chrome.ChromeDriver
Command: [9717c09e75c47dc8814f233cc8b1784c, findElement {using=xpath, value=//a[text()='Login']}]
Capabilities {acceptInsecureCerts: false, browserName: chrome, browserVersion: 116.0.5845.179, chrome: {chromedriverVersion: 116.0.5845.96 (1a3918166880..., userDataDir: /var/folders/pp/p_4g4ntn2qg...}, fedcm:accounts: true, goog:chromeOptions: {debuggerAddress: localhost:54723}, networkConnectionEnabled: false, pageLoadStrategy: normal, platformName: mac, proxy: Proxy(), se:cdp: ws://localhost:54723/devtoo..., se:cdpVersion: 116.0.5845.179, setWindowRect: true, strictFileInteractability: false, timeouts: {implicit: 0, pageLoad: 300000, script: 30000}, unhandledPromptBehavior: dismiss and notify, webauthn:extension:credBlob: true, webauthn:extension:largeBlob: true, webauthn:extension:minPinLength: true, webauthn:extension:prf: true, webauthn:virtualAuthenticators: true}
Session ID: 9717c09e75c47dc8814f233cc8b1784c
[INFO ] 2023-09-10 10:07:37.915 [main] Log - User navigates to LMS Home Page
[ERROR] 2023-09-10 10:08:27.956 [main] Log - no such element: Unable to locate element: {"method":"xpath","selector":"//a[text()='Login']"}
  (Session info: chrome=116.0.5845.179)
For documentation on this error, please visit: https://www.selenium.dev/documentation/webdriver/troubleshooting/errors#no-such-element-exception
Build info: version: '4.11.0', revision: '040bc5406b'
System info: os.name: 'Mac OS X', os.arch: 'x86_64', os.version: '12.1', java.version: '1.8.0_371'
Driver info: org.openqa.selenium.chrome.ChromeDriver
Command: [9717c09e75c47dc8814f233cc8b1784c, findElement {using=xpath, value=//a[text()='Login']}]
Capabilities {acceptInsecureCerts: false, browserName: chrome, browserVersion: 116.0.5845.179, chrome: {chromedriverVersion: 116.0.5845.96 (1a3918166880..., userDataDir: /var/folders/pp/p_4g4ntn2qg...}, fedcm:accounts: true, goog:chromeOptions: {debuggerAddress: localhost:54723}, networkConnectionEnabled: false, pageLoadStrategy: normal, platformName: mac, proxy: Proxy(), se:cdp: ws://localhost:54723/devtoo..., se:cdpVersion: 116.0.5845.179, setWindowRect: true, strictFileInteractability: false, timeouts: {implicit: 0, pageLoad: 300000, script: 30000}, unhandledPromptBehavior: dismiss and notify, webauthn:extension:credBlob: true, webauthn:extension:largeBlob: true, webauthn:extension:minPinLength: true, webauthn:extension:prf: true, webauthn:virtualAuthenticators: true}
Session ID: 9717c09e75c47dc8814f233cc8b1784c
[INFO ] 2023-09-10 10:29:58.692 [main] Utils - [Utils] MethodGroupsHelper.collectMethodsByGroup() took 0 ms.
[INFO ] 2023-09-10 10:29:58.704 [main] Utils - [Utils] MethodGroupsHelper.sortMethods() took 4 ms.
[INFO ] 2023-09-10 10:29:58.708 [main] Utils - [Utils] MethodGroupsHelper.collectMethodsByGroup() took 0 ms.
[INFO ] 2023-09-10 10:29:58.708 [main] Utils - [Utils] MethodGroupsHelper.sortMethods() took 0 ms.
[INFO ] 2023-09-10 10:29:58.712 [main] Utils - [Utils] MethodGroupsHelper.collectMethodsByGroup() took 0 ms.
[INFO ] 2023-09-10 10:29:58.713 [main] Utils - [Utils] MethodGroupsHelper.sortMethods() took 0 ms.
[INFO ] 2023-09-10 10:29:58.715 [main] Utils - [Utils] MethodGroupsHelper.collectMethodsByGroup() took 0 ms.
[INFO ] 2023-09-10 10:29:58.715 [main] Utils - [Utils] MethodGroupsHelper.sortMethods() took 0 ms.
[INFO ] 2023-09-10 10:29:58.723 [main] Utils - [Utils] MethodGroupsHelper.collectMethodsByGroup() took 0 ms.
[INFO ] 2023-09-10 10:29:58.746 [main] Utils - [Utils] MethodGroupsHelper.sortMethods() took 22 ms.
[INFO ] 2023-09-10 10:29:58.752 [main] Utils - [Utils] MethodGroupsHelper.collectMethodsByGroup() took 0 ms.
[INFO ] 2023-09-10 10:29:58.757 [main] Utils - [Utils] MethodGroupsHelper.sortMethods() took 4 ms.
[INFO ] 2023-09-10 10:29:58.761 [main] Utils - [Utils] MethodGroupsHelper.collectMethodsByGroup() took 0 ms.
[INFO ] 2023-09-10 10:29:58.761 [main] Utils - [Utils] MethodGroupsHelper.sortMethods() took 0 ms.
[INFO ] 2023-09-10 10:29:58.763 [main] Utils - [Utils] MethodGroupsHelper.collectMethodsByGroup() took 0 ms.
[INFO ] 2023-09-10 10:29:58.763 [main] Utils - [Utils] MethodGroupsHelper.sortMethods() took 0 ms.
[INFO ] 2023-09-10 10:29:58.768 [main] Utils - [Utils] MethodGroupsHelper.collectMethodsByGroup() took 0 ms.
[INFO ] 2023-09-10 10:29:58.769 [main] Utils - [Utils] MethodGroupsHelper.sortMethods() took 0 ms.
[INFO ] 2023-09-10 10:29:58.770 [main] Utils - [Utils] MethodGroupsHelper.collectMethodsByGroup() took 0 ms.
[INFO ] 2023-09-10 10:29:58.771 [main] Utils - [Utils] MethodGroupsHelper.sortMethods() took 0 ms.
[INFO ] 2023-09-10 10:29:58.775 [main] Utils - [Utils] MethodGroupsHelper.collectMethodsByGroup() took 0 ms.
[INFO ] 2023-09-10 10:29:58.776 [main] Utils - [Utils] MethodGroupsHelper.sortMethods() took 0 ms.
[INFO ] 2023-09-10 10:29:58.776 [main] Utils - [Utils] MethodGroupsHelper.collectMethodsByGroup() took 0 ms.
[INFO ] 2023-09-10 10:29:58.776 [main] Utils - [Utils] MethodGroupsHelper.sortMethods() took 0 ms.
[INFO ] 2023-09-10 10:29:58.792 [main] Utils - [Utils] MethodGroupsHelper.collectMethodsByGroup() took 12 ms.
[INFO ] 2023-09-10 10:29:58.794 [main] Utils - [Utils] MethodGroupsHelper.sortMethods() took 1 ms.
[INFO ] 2023-09-10 10:29:58.795 [main] Utils - [Utils] MethodGroupsHelper.collectMethodsByGroup() took 0 ms.
[INFO ] 2023-09-10 10:29:58.796 [main] Utils - [Utils] MethodGroupsHelper.sortMethods() took 0 ms.
[INFO ] 2023-09-10 10:29:58.796 [main] Utils - [Utils] MethodGroupsHelper.collectMethodsByGroup() took 0 ms.
[INFO ] 2023-09-10 10:29:58.797 [main] Utils - [Utils] MethodGroupsHelper.sortMethods() took 0 ms.
[INFO ] 2023-09-10 10:29:58.811 [main] Utils - [TestNG] Running:
  /private/var/folders/pp/p_4g4ntn2qg8lyhtqw2919180000gn/T/testng-eclipse-665992681/testng-customsuite.xml

[INFO ] 2023-09-10 10:29:58.866 [main] Utils - [Utils] DynamicGraphHelper.createDynamicGraph() took 5 ms.
[WARN ] 2023-09-10 10:29:59.764 [main] Utils - The test method 'io.cucumber.testng.AbstractTestNGCucumberTests.runScenario' will be skipped since its data provider 'scenarios' returned an empty array or iterator. 
[INFO ] 2023-09-10 10:29:59.878 [main] Utils - [TestNG] Time taken by org.testng.internal.ExitCodeListener@4acb7ecc: 1 ms
[INFO ] 2023-09-10 10:29:59.898 [main] Utils - [TestNG] Time taken by org.testng.reporters.SuiteHTMLReporter@79a04e5f: 19 ms
[INFO ] 2023-09-10 10:30:00.021 [main] Utils - [TestNG] Time taken by org.testng.reporters.jq.Main@5f2bd6d9: 122 ms
[INFO ] 2023-09-10 10:30:00.022 [main] Utils - [TestNG] Time taken by org.testng.reporters.FailedReporter@7c847072: 0 ms
[INFO ] 2023-09-10 10:30:00.041 [main] Utils - [TestNG] Time taken by org.testng.reporters.XMLReporter@2100d047: 17 ms
[INFO ] 2023-09-10 10:30:00.055 [main] Utils - [TestNG] Time taken by org.testng.reporters.EmailableReporter2@1caa9eb6: 14 ms
[INFO ] 2023-09-10 10:30:00.068 [main] Utils - [TestNG] Time taken by org.testng.reporters.JUnitReportReporter@37c36608: 12 ms
[INFO ] 2023-09-10 10:30:40.687 [main] Utils - [Utils] MethodGroupsHelper.collectMethodsByGroup() took 0 ms.
[INFO ] 2023-09-10 10:30:40.698 [main] Utils - [Utils] MethodGroupsHelper.sortMethods() took 4 ms.
[INFO ] 2023-09-10 10:30:40.702 [main] Utils - [Utils] MethodGroupsHelper.collectMethodsByGroup() took 0 ms.
[INFO ] 2023-09-10 10:30:40.703 [main] Utils - [Utils] MethodGroupsHelper.sortMethods() took 0 ms.
[INFO ] 2023-09-10 10:30:40.706 [main] Utils - [Utils] MethodGroupsHelper.collectMethodsByGroup() took 0 ms.
[INFO ] 2023-09-10 10:30:40.707 [main] Utils - [Utils] MethodGroupsHelper.sortMethods() took 0 ms.
[INFO ] 2023-09-10 10:30:40.712 [main] Utils - [Utils] MethodGroupsHelper.collectMethodsByGroup() took 0 ms.
[INFO ] 2023-09-10 10:30:40.712 [main] Utils - [Utils] MethodGroupsHelper.sortMethods() took 0 ms.
[INFO ] 2023-09-10 10:30:40.715 [main] Utils - [Utils] MethodGroupsHelper.collectMethodsByGroup() took 0 ms.
[INFO ] 2023-09-10 10:30:40.737 [main] Utils - [Utils] MethodGroupsHelper.sortMethods() took 22 ms.
[INFO ] 2023-09-10 10:30:40.743 [main] Utils - [Utils] MethodGroupsHelper.collectMethodsByGroup() took 0 ms.
[INFO ] 2023-09-10 10:30:40.747 [main] Utils - [Utils] MethodGroupsHelper.sortMethods() took 3 ms.
[INFO ] 2023-09-10 10:30:40.749 [main] Utils - [Utils] MethodGroupsHelper.collectMethodsByGroup() took 0 ms.
[INFO ] 2023-09-10 10:30:40.750 [main] Utils - [Utils] MethodGroupsHelper.sortMethods() took 0 ms.
[INFO ] 2023-09-10 10:30:40.754 [main] Utils - [Utils] MethodGroupsHelper.collectMethodsByGroup() took 0 ms.
[INFO ] 2023-09-10 10:30:40.754 [main] Utils - [Utils] MethodGroupsHelper.sortMethods() took 0 ms.
[INFO ] 2023-09-10 10:30:40.758 [main] Utils - [Utils] MethodGroupsHelper.collectMethodsByGroup() took 0 ms.
[INFO ] 2023-09-10 10:30:40.761 [main] Utils - [Utils] MethodGroupsHelper.sortMethods() took 0 ms.
[INFO ] 2023-09-10 10:30:40.764 [main] Utils - [Utils] MethodGroupsHelper.collectMethodsByGroup() took 0 ms.
[INFO ] 2023-09-10 10:30:40.765 [main] Utils - [Utils] MethodGroupsHelper.sortMethods() took 0 ms.
[INFO ] 2023-09-10 10:30:40.770 [main] Utils - [Utils] MethodGroupsHelper.collectMethodsByGroup() took 0 ms.
[INFO ] 2023-09-10 10:30:40.771 [main] Utils - [Utils] MethodGroupsHelper.sortMethods() took 0 ms.
[INFO ] 2023-09-10 10:30:40.771 [main] Utils - [Utils] MethodGroupsHelper.collectMethodsByGroup() took 0 ms.
[INFO ] 2023-09-10 10:30:40.771 [main] Utils - [Utils] MethodGroupsHelper.sortMethods() took 0 ms.
[INFO ] 2023-09-10 10:30:40.781 [main] Utils - [Utils] MethodGroupsHelper.collectMethodsByGroup() took 8 ms.
[INFO ] 2023-09-10 10:30:40.782 [main] Utils - [Utils] MethodGroupsHelper.sortMethods() took 1 ms.
[INFO ] 2023-09-10 10:30:40.784 [main] Utils - [Utils] MethodGroupsHelper.collectMethodsByGroup() took 0 ms.
[INFO ] 2023-09-10 10:30:40.785 [main] Utils - [Utils] MethodGroupsHelper.sortMethods() took 0 ms.
[INFO ] 2023-09-10 10:30:40.785 [main] Utils - [Utils] MethodGroupsHelper.collectMethodsByGroup() took 0 ms.
[INFO ] 2023-09-10 10:30:40.785 [main] Utils - [Utils] MethodGroupsHelper.sortMethods() took 0 ms.
[INFO ] 2023-09-10 10:30:40.801 [main] Utils - [TestNG] Running:
  /private/var/folders/pp/p_4g4ntn2qg8lyhtqw2919180000gn/T/testng-eclipse-1614799317/testng-customsuite.xml

[INFO ] 2023-09-10 10:30:40.861 [main] Utils - [Utils] DynamicGraphHelper.createDynamicGraph() took 8 ms.
[WARN ] 2023-09-10 10:30:41.770 [main] Utils - The test method 'io.cucumber.testng.AbstractTestNGCucumberTests.runScenario' will be skipped since its data provider 'scenarios' returned an empty array or iterator. 
[INFO ] 2023-09-10 10:30:41.872 [main] Utils - [TestNG] Time taken by org.testng.internal.ExitCodeListener@4acb7ecc: 0 ms
[INFO ] 2023-09-10 10:30:41.898 [main] Utils - [TestNG] Time taken by org.testng.reporters.SuiteHTMLReporter@1ab5f08a: 26 ms
[INFO ] 2023-09-10 10:30:42.017 [main] Utils - [TestNG] Time taken by org.testng.reporters.jq.Main@3078cac: 119 ms
[INFO ] 2023-09-10 10:30:42.019 [main] Utils - [TestNG] Time taken by org.testng.reporters.FailedReporter@f6de586: 1 ms
[INFO ] 2023-09-10 10:30:42.036 [main] Utils - [TestNG] Time taken by org.testng.reporters.XMLReporter@4cc36c19: 17 ms
[INFO ] 2023-09-10 10:30:42.053 [main] Utils - [TestNG] Time taken by org.testng.reporters.EmailableReporter2@51ec2856: 17 ms
[INFO ] 2023-09-10 10:30:42.068 [main] Utils - [TestNG] Time taken by org.testng.reporters.JUnitReportReporter@6ae62c7e: 14 ms
[INFO ] 2023-09-10 10:31:40.742 [main] Utils - [Utils] MethodGroupsHelper.collectMethodsByGroup() took 0 ms.
[INFO ] 2023-09-10 10:31:40.753 [main] Utils - [Utils] MethodGroupsHelper.sortMethods() took 1 ms.
[INFO ] 2023-09-10 10:31:40.756 [main] Utils - [Utils] MethodGroupsHelper.collectMethodsByGroup() took 0 ms.
[INFO ] 2023-09-10 10:31:40.756 [main] Utils - [Utils] MethodGroupsHelper.sortMethods() took 0 ms.
[INFO ] 2023-09-10 10:31:40.759 [main] Utils - [Utils] MethodGroupsHelper.collectMethodsByGroup() took 0 ms.
[INFO ] 2023-09-10 10:31:40.759 [main] Utils - [Utils] MethodGroupsHelper.sortMethods() took 0 ms.
[INFO ] 2023-09-10 10:31:40.762 [main] Utils - [Utils] MethodGroupsHelper.collectMethodsByGroup() took 0 ms.
[INFO ] 2023-09-10 10:31:40.763 [main] Utils - [Utils] MethodGroupsHelper.sortMethods() took 0 ms.
[INFO ] 2023-09-10 10:31:40.773 [main] Utils - [Utils] MethodGroupsHelper.collectMethodsByGroup() took 1 ms.
[INFO ] 2023-09-10 10:31:40.799 [main] Utils - [Utils] MethodGroupsHelper.sortMethods() took 24 ms.
[INFO ] 2023-09-10 10:31:40.803 [main] Utils - [Utils] MethodGroupsHelper.collectMethodsByGroup() took 0 ms.
[INFO ] 2023-09-10 10:31:40.804 [main] Utils - [Utils] MethodGroupsHelper.sortMethods() took 0 ms.
[INFO ] 2023-09-10 10:31:40.809 [main] Utils - [Utils] MethodGroupsHelper.collectMethodsByGroup() took 0 ms.
[INFO ] 2023-09-10 10:31:40.809 [main] Utils - [Utils] MethodGroupsHelper.sortMethods() took 0 ms.
[INFO ] 2023-09-10 10:31:40.812 [main] Utils - [Utils] MethodGroupsHelper.collectMethodsByGroup() took 0 ms.
[INFO ] 2023-09-10 10:31:40.812 [main] Utils - [Utils] MethodGroupsHelper.sortMethods() took 0 ms.
[INFO ] 2023-09-10 10:31:40.816 [main] Utils - [Utils] MethodGroupsHelper.collectMethodsByGroup() took 0 ms.
[INFO ] 2023-09-10 10:31:40.816 [main] Utils - [Utils] MethodGroupsHelper.sortMethods() took 0 ms.
[INFO ] 2023-09-10 10:31:40.817 [main] Utils - [Utils] MethodGroupsHelper.collectMethodsByGroup() took 0 ms.
[INFO ] 2023-09-10 10:31:40.817 [main] Utils - [Utils] MethodGroupsHelper.sortMethods() took 0 ms.
[INFO ] 2023-09-10 10:31:40.822 [main] Utils - [Utils] MethodGroupsHelper.collectMethodsByGroup() took 0 ms.
[INFO ] 2023-09-10 10:31:40.823 [main] Utils - [Utils] MethodGroupsHelper.sortMethods() took 0 ms.
[INFO ] 2023-09-10 10:31:40.823 [main] Utils - [Utils] MethodGroupsHelper.collectMethodsByGroup() took 0 ms.
[INFO ] 2023-09-10 10:31:40.823 [main] Utils - [Utils] MethodGroupsHelper.sortMethods() took 0 ms.
[INFO ] 2023-09-10 10:31:40.839 [main] Utils - [Utils] MethodGroupsHelper.collectMethodsByGroup() took 12 ms.
[INFO ] 2023-09-10 10:31:40.842 [main] Utils - [Utils] MethodGroupsHelper.sortMethods() took 1 ms.
[INFO ] 2023-09-10 10:31:40.844 [main] Utils - [Utils] MethodGroupsHelper.collectMethodsByGroup() took 0 ms.
[INFO ] 2023-09-10 10:31:40.844 [main] Utils - [Utils] MethodGroupsHelper.sortMethods() took 0 ms.
[INFO ] 2023-09-10 10:31:40.844 [main] Utils - [Utils] MethodGroupsHelper.collectMethodsByGroup() took 0 ms.
[INFO ] 2023-09-10 10:31:40.845 [main] Utils - [Utils] MethodGroupsHelper.sortMethods() took 0 ms.
[INFO ] 2023-09-10 10:31:40.860 [main] Utils - [TestNG] Running:
  /private/var/folders/pp/p_4g4ntn2qg8lyhtqw2919180000gn/T/testng-eclipse-1787444304/testng-customsuite.xml

[INFO ] 2023-09-10 10:31:40.919 [main] Utils - [Utils] DynamicGraphHelper.createDynamicGraph() took 6 ms.
[INFO ] 2023-09-10 10:31:51.391 [main] Log - User navigates to LMS Home Page
[INFO ] 2023-09-10 10:31:51.505 [main] Log - Verified that user is on LMS Home Page
[INFO ] 2023-09-10 10:31:51.825 [main] Log - User navigates to LMS Home Page
[ERROR] 2023-09-10 10:32:23.631 [main] Log - Unable to find element with locator By.xpath: //a[text()='Login']
For documentation on this error, please visit: https://www.selenium.dev/documentation/webdriver/troubleshooting/errors#no-such-element-exception
Build info: version: '4.11.0', revision: '040bc5406b'
System info: os.name: 'Mac OS X', os.arch: 'x86_64', os.version: '12.1', java.version: '17.0.3'
Driver info: driver.version: RemoteWebDriver
[INFO ] 2023-09-10 10:32:33.476 [main] Utils - [TestNG] Time taken by org.testng.internal.ExitCodeListener@110318a7: 0 ms
[INFO ] 2023-09-10 10:32:33.502 [main] Utils - [TestNG] Time taken by org.testng.reporters.SuiteHTMLReporter@2a2815cc: 25 ms
[INFO ] 2023-09-10 10:32:33.601 [main] Utils - [TestNG] Time taken by org.testng.reporters.jq.Main@7d7c05fa: 98 ms
[INFO ] 2023-09-10 10:32:33.619 [main] Utils - [TestNG] Time taken by org.testng.reporters.FailedReporter@637c8632: 17 ms
[INFO ] 2023-09-10 10:32:33.669 [main] Utils - [TestNG] Time taken by org.testng.reporters.XMLReporter@30ca66c5: 49 ms
[INFO ] 2023-09-10 10:32:33.694 [main] Utils - [TestNG] Time taken by org.testng.reporters.EmailableReporter2@4ed19540: 25 ms
[INFO ] 2023-09-10 10:32:33.739 [main] Utils - [TestNG] Time taken by org.testng.reporters.JUnitReportReporter@2c6efee3: 44 ms
[ERROR] 2023-09-10 16:53:05.906 [main] AllureLifecycle - Could not add attachment: no test is running
[ERROR] 2023-09-10 16:56:16.135 [main] AllureLifecycle - Could not add attachment: no test is running
[ERROR] 2023-09-10 17:09:37.663 [main] AllureLifecycle - Could not add attachment: no test is running
[ERROR] 2023-09-10 17:09:38.662 [main] AllureLifecycle - Could not add attachment: no test is running
[ERROR] 2023-09-10 18:31:40.576 [main] AllureLifecycle - Could not add attachment: no test is running
[ERROR] 2023-09-10 18:31:41.407 [main] AllureLifecycle - Could not add attachment: no test is running
[ERROR] 2023-09-10 18:31:42.327 [main] AllureLifecycle - Could not add attachment: no test is running
[ERROR] 2023-09-10 18:31:43.079 [main] AllureLifecycle - Could not add attachment: no test is running
[ERROR] 2023-09-10 18:31:43.889 [main] AllureLifecycle - Could not add attachment: no test is running
[ERROR] 2023-09-10 18:31:44.690 [main] AllureLifecycle - Could not add attachment: no test is running
[ERROR] 2023-09-10 18:31:45.449 [main] AllureLifecycle - Could not add attachment: no test is running
[ERROR] 2023-09-10 18:31:46.239 [main] AllureLifecycle - Could not add attachment: no test is running
[ERROR] 2023-09-10 18:33:29.182 [main] AllureLifecycle - Could not add attachment: no test is running
[ERROR] 2023-09-10 18:33:30.075 [main] AllureLifecycle - Could not add attachment: no test is running
[ERROR] 2023-09-10 18:33:30.980 [main] AllureLifecycle - Could not add attachment: no test is running
[ERROR] 2023-09-10 18:33:31.751 [main] AllureLifecycle - Could not add attachment: no test is running
[ERROR] 2023-09-10 18:33:32.570 [main] AllureLifecycle - Could not add attachment: no test is running
[ERROR] 2023-09-10 18:33:33.367 [main] AllureLifecycle - Could not add attachment: no test is running
[ERROR] 2023-09-10 18:33:34.131 [main] AllureLifecycle - Could not add attachment: no test is running
[ERROR] 2023-09-10 18:33:34.918 [main] AllureLifecycle - Could not add attachment: no test is running
[ERROR] 2023-09-10 18:33:35.718 [main] AllureLifecycle - Could not add attachment: no test is running
[ERROR] 2023-09-10 18:33:36.453 [main] AllureLifecycle - Could not add attachment: no test is running
[ERROR] 2023-09-10 18:33:37.181 [main] AllureLifecycle - Could not add attachment: no test is running
[ERROR] 2023-09-10 18:33:37.926 [main] AllureLifecycle - Could not add attachment: no test is running
[ERROR] 2023-09-10 18:40:41.863 [main] AllureLifecycle - Could not add attachment: no test is running
[ERROR] 2023-09-11 00:58:12.596 [main] AllureLifecycle - Could not add attachment: no test is running
[ERROR] 2023-09-11 00:58:13.928 [main] AllureLifecycle - Could not add attachment: no test is running
[ERROR] 2023-09-11 00:58:14.527 [main] AllureLifecycle - Could not add attachment: no test is running
[INFO ] 2023-09-11 15:50:16.363 [main] Log - User navigates to LMS Home Page
[INFO ] 2023-09-11 15:50:16.476 [main] Log - Verified that user is on LMS Home Page
[INFO ] 2023-09-11 15:50:16.892 [main] Log - User navigates to LMS Home Page
[INFO ] 2023-09-11 15:50:17.164 [main] Log - User navigates to LMS Home Page
[INFO ] 2023-09-11 15:50:17.361 [main] Log - User navigates to LMS Home Page
[INFO ] 2023-09-11 15:50:17.504 [main] Log - User navigates to LMS Home Page
[ERROR] 2023-09-11 15:51:07.647 [main] Log - no such element: Unable to locate element: {"method":"xpath","selector":"//a[text()='Login']"}
  (Session info: chrome=116.0.5845.179)
For documentation on this error, please visit: https://www.selenium.dev/documentation/webdriver/troubleshooting/errors#no-such-element-exception
Build info: version: '4.11.0', revision: '040bc5406b'
System info: os.name: 'Mac OS X', os.arch: 'x86_64', os.version: '12.1', java.version: '17.0.3'
Driver info: org.openqa.selenium.chrome.ChromeDriver
Command: [fe6c4dfcf4c9c70e4c631108450e5311, findElement {using=xpath, value=//a[text()='Login']}]
Capabilities {acceptInsecureCerts: false, browserName: chrome, browserVersion: 116.0.5845.179, chrome: {chromedriverVersion: 116.0.5845.96 (1a3918166880..., userDataDir: /var/folders/pp/p_4g4ntn2qg...}, fedcm:accounts: true, goog:chromeOptions: {debuggerAddress: localhost:64271}, networkConnectionEnabled: false, pageLoadStrategy: normal, platformName: mac, proxy: Proxy(), se:cdp: ws://localhost:64271/devtoo..., se:cdpVersion: 116.0.5845.179, setWindowRect: true, strictFileInteractability: false, timeouts: {implicit: 0, pageLoad: 300000, script: 30000}, unhandledPromptBehavior: dismiss and notify, webauthn:extension:credBlob: true, webauthn:extension:largeBlob: true, webauthn:extension:minPinLength: true, webauthn:extension:prf: true, webauthn:virtualAuthenticators: true}
Session ID: fe6c4dfcf4c9c70e4c631108450e5311
[ERROR] 2023-09-11 15:51:09.541 [main] AllureLifecycle - Could not add attachment: no test is running
[INFO ] 2023-09-11 15:51:09.741 [main] Log - User navigates to LMS Home Page
[ERROR] 2023-09-11 15:51:59.813 [main] Log - no such element: Unable to locate element: {"method":"xpath","selector":"//a[text()='Login']"}
  (Session info: chrome=116.0.5845.179)
For documentation on this error, please visit: https://www.selenium.dev/documentation/webdriver/troubleshooting/errors#no-such-element-exception
Build info: version: '4.11.0', revision: '040bc5406b'
System info: os.name: 'Mac OS X', os.arch: 'x86_64', os.version: '12.1', java.version: '17.0.3'
Driver info: org.openqa.selenium.chrome.ChromeDriver
Command: [fe6c4dfcf4c9c70e4c631108450e5311, findElement {using=xpath, value=//a[text()='Login']}]
Capabilities {acceptInsecureCerts: false, browserName: chrome, browserVersion: 116.0.5845.179, chrome: {chromedriverVersion: 116.0.5845.96 (1a3918166880..., userDataDir: /var/folders/pp/p_4g4ntn2qg...}, fedcm:accounts: true, goog:chromeOptions: {debuggerAddress: localhost:64271}, networkConnectionEnabled: false, pageLoadStrategy: normal, platformName: mac, proxy: Proxy(), se:cdp: ws://localhost:64271/devtoo..., se:cdpVersion: 116.0.5845.179, setWindowRect: true, strictFileInteractability: false, timeouts: {implicit: 0, pageLoad: 300000, script: 30000}, unhandledPromptBehavior: dismiss and notify, webauthn:extension:credBlob: true, webauthn:extension:largeBlob: true, webauthn:extension:minPinLength: true, webauthn:extension:prf: true, webauthn:virtualAuthenticators: true}
Session ID: fe6c4dfcf4c9c70e4c631108450e5311
[ERROR] 2023-09-11 15:52:01.183 [main] AllureLifecycle - Could not add attachment: no test is running
[INFO ] 2023-09-11 21:25:40.390 [main] Log - User navigates to LMS Home Page
[INFO ] 2023-09-11 21:25:40.506 [main] Log - Verified that user is on LMS Home Page
[ERROR] 2023-09-11 21:25:40.641 [main] Log - invalid argument
  (Session info: chrome=116.0.5845.179)
Build info: version: '4.11.0', revision: '040bc5406b'
System info: os.name: 'Mac OS X', os.arch: 'x86_64', os.version: '12.1', java.version: '17.0.3'
Driver info: org.openqa.selenium.chrome.ChromeDriver
Command: [02c836e2da1ad487aa95a871d9590e21, get {url=}]
Capabilities {acceptInsecureCerts: false, browserName: chrome, browserVersion: 116.0.5845.179, chrome: {chromedriverVersion: 116.0.5845.96 (1a3918166880..., userDataDir: /var/folders/pp/p_4g4ntn2qg...}, fedcm:accounts: true, goog:chromeOptions: {debuggerAddress: localhost:57588}, networkConnectionEnabled: false, pageLoadStrategy: normal, platformName: mac, proxy: Proxy(), se:cdp: ws://localhost:57588/devtoo..., se:cdpVersion: 116.0.5845.179, setWindowRect: true, strictFileInteractability: false, timeouts: {implicit: 0, pageLoad: 300000, script: 30000}, unhandledPromptBehavior: dismiss and notify, webauthn:extension:credBlob: true, webauthn:extension:largeBlob: true, webauthn:extension:minPinLength: true, webauthn:extension:prf: true, webauthn:virtualAuthenticators: true}
Session ID: 02c836e2da1ad487aa95a871d9590e21
[ERROR] 2023-09-11 21:25:42.376 [main] AllureLifecycle - Could not add attachment: no test is running
[INFO ] 2023-09-11 21:25:42.734 [main] Log - User navigates to LMS Home Page
[INFO ] 2023-09-11 21:25:42.942 [main] Log - User navigates to LMS Home Page
[INFO ] 2023-09-11 21:25:43.196 [main] Log - User navigates to LMS Home Page
[INFO ] 2023-09-11 21:25:43.367 [main] Log - User navigates to LMS Home Page
[INFO ] 2023-09-11 21:25:43.573 [main] Log - User navigates to LMS Home Page
[ERROR] 2023-09-11 21:25:43.806 [main] Log - Unable to find element with locator By.xpath: //a[text()='Login']
For documentation on this error, please visit: https://www.selenium.dev/documentation/webdriver/troubleshooting/errors#no-such-element-exception
Build info: version: '4.11.0', revision: '040bc5406b'
System info: os.name: 'Mac OS X', os.arch: 'x86_64', os.version: '12.1', java.version: '17.0.3'
Driver info: driver.version: RemoteWebDriver
[ERROR] 2023-09-11 21:42:30.392 [main] Log - Error communicating with the remote browser. It may have died.
Build info: version: '4.11.0', revision: '040bc5406b'
System info: os.name: 'Mac OS X', os.arch: 'x86_64', os.version: '12.1', java.version: '17.0.3'
Driver info: org.openqa.selenium.chrome.ChromeDriver
Command: [ac002d3a02108f0200d1f96572b47b69, get [url]]
Capabilities {acceptInsecureCerts: false, browserName: chrome, browserVersion: 116.0.5845.179, chrome: {chromedriverVersion: 116.0.5845.96 (1a3918166880..., userDataDir: /var/folders/pp/p_4g4ntn2qg...}, fedcm:accounts: true, goog:chromeOptions: {debuggerAddress: localhost:60912}, networkConnectionEnabled: false, pageLoadStrategy: normal, platformName: mac, proxy: Proxy(), se:cdp: ws://localhost:60912/devtoo..., se:cdpVersion: 116.0.5845.179, setWindowRect: true, strictFileInteractability: false, timeouts: {implicit: 0, pageLoad: 300000, script: 30000}, unhandledPromptBehavior: dismiss and notify, webauthn:extension:credBlob: true, webauthn:extension:largeBlob: true, webauthn:extension:minPinLength: true, webauthn:extension:prf: true, webauthn:virtualAuthenticators: true}
Session ID: ac002d3a02108f0200d1f96572b47b69
[INFO ] 2023-09-11 21:42:45.259 [main] Log - User navigates to LMS Home Page
[INFO ] 2023-09-11 21:42:45.356 [main] Log - Verified that user is on LMS Home Page
[ERROR] 2023-09-11 21:42:45.489 [main] Log - invalid argument
  (Session info: chrome=116.0.5845.179)
Build info: version: '4.11.0', revision: '040bc5406b'
System info: os.name: 'Mac OS X', os.arch: 'x86_64', os.version: '12.1', java.version: '17.0.3'
Driver info: org.openqa.selenium.chrome.ChromeDriver
Command: [15cc944acf2b84f56983745e5bff056e, get {url=}]
Capabilities {acceptInsecureCerts: false, browserName: chrome, browserVersion: 116.0.5845.179, chrome: {chromedriverVersion: 116.0.5845.96 (1a3918166880..., userDataDir: /var/folders/pp/p_4g4ntn2qg...}, fedcm:accounts: true, goog:chromeOptions: {debuggerAddress: localhost:60957}, networkConnectionEnabled: false, pageLoadStrategy: normal, platformName: mac, proxy: Proxy(), se:cdp: ws://localhost:60957/devtoo..., se:cdpVersion: 116.0.5845.179, setWindowRect: true, strictFileInteractability: false, timeouts: {implicit: 0, pageLoad: 300000, script: 30000}, unhandledPromptBehavior: dismiss and notify, webauthn:extension:credBlob: true, webauthn:extension:largeBlob: true, webauthn:extension:minPinLength: true, webauthn:extension:prf: true, webauthn:virtualAuthenticators: true}
Session ID: 15cc944acf2b84f56983745e5bff056e
[ERROR] 2023-09-11 21:42:47.145 [main] AllureLifecycle - Could not add attachment: no test is running
[ERROR] 2023-09-11 23:04:43.430 [main] AllureLifecycle - Could not add attachment: no test is running
[ERROR] 2023-09-11 23:04:44.783 [main] Log - no such window: target window already closed
from unknown error: web view not found
  (Session info: chrome=116.0.5845.179)
Build info: version: '4.11.0', revision: '040bc5406b'
System info: os.name: 'Mac OS X', os.arch: 'x86_64', os.version: '12.1', java.version: '17.0.3'
Driver info: org.openqa.selenium.chrome.ChromeDriver
Command: [ab93692ef12871541d019f2cbb434bfe, get {url=https://dsportalapp.herokuapp.com/}]
Capabilities {acceptInsecureCerts: false, browserName: chrome, browserVersion: 116.0.5845.179, chrome: {chromedriverVersion: 116.0.5845.96 (1a3918166880..., userDataDir: /var/folders/pp/p_4g4ntn2qg...}, fedcm:accounts: true, goog:chromeOptions: {debuggerAddress: localhost:62887}, networkConnectionEnabled: false, pageLoadStrategy: normal, platformName: mac, proxy: Proxy(), se:cdp: ws://localhost:62887/devtoo..., se:cdpVersion: 116.0.5845.179, setWindowRect: true, strictFileInteractability: false, timeouts: {implicit: 0, pageLoad: 300000, script: 30000}, unhandledPromptBehavior: dismiss and notify, webauthn:extension:credBlob: true, webauthn:extension:largeBlob: true, webauthn:extension:minPinLength: true, webauthn:extension:prf: true, webauthn:virtualAuthenticators: true}
Session ID: ab93692ef12871541d019f2cbb434bfe
[INFO ] 2023-09-11 23:07:27.383 [main] Log - User navigates to LMS Home Page
[ERROR] 2023-09-11 23:07:28.328 [main] Log - Unable to find element with locator By.xpath: //a[text()='Login']
For documentation on this error, please visit: https://www.selenium.dev/documentation/webdriver/troubleshooting/errors#no-such-element-exception
Build info: version: '4.11.0', revision: '040bc5406b'
System info: os.name: 'Mac OS X', os.arch: 'x86_64', os.version: '12.1', java.version: '17.0.3'
Driver info: driver.version: RemoteWebDriver
[INFO ] 2023-09-11 23:24:47.630 [main] Log - User navigates to LMS Home Page
[ERROR] 2023-09-11 23:24:48.866 [main] Log - Unable to find element with locator By.xpath: //a[text()='Login']
For documentation on this error, please visit: https://www.selenium.dev/documentation/webdriver/troubleshooting/errors#no-such-element-exception
Build info: version: '4.11.0', revision: '040bc5406b'
System info: os.name: 'Mac OS X', os.arch: 'x86_64', os.version: '12.1', java.version: '17.0.3'
Driver info: driver.version: RemoteWebDriver
[ERROR] 2023-09-12 01:21:24.318 [main] AllureLifecycle - Could not add attachment: no test is running
[ERROR] 2023-09-12 01:21:25.388 [main] AllureLifecycle - Could not add attachment: no test is running
[ERROR] 2023-09-12 01:21:26.220 [main] AllureLifecycle - Could not add attachment: no test is running
[ERROR] 2023-09-12 01:21:27.041 [main] AllureLifecycle - Could not add attachment: no test is running
[ERROR] 2023-09-12 01:21:27.886 [main] AllureLifecycle - Could not add attachment: no test is running
[ERROR] 2023-09-12 01:21:28.722 [main] AllureLifecycle - Could not add attachment: no test is running
[ERROR] 2023-09-12 01:21:29.491 [main] AllureLifecycle - Could not add attachment: no test is running
[ERROR] 2023-09-12 01:21:30.306 [main] AllureLifecycle - Could not add attachment: no test is running
[ERROR] 2023-09-12 01:21:31.087 [main] AllureLifecycle - Could not add attachment: no test is running
[ERROR] 2023-09-12 01:21:31.835 [main] AllureLifecycle - Could not add attachment: no test is running
[ERROR] 2023-09-12 01:21:32.609 [main] AllureLifecycle - Could not add attachment: no test is running
[ERROR] 2023-09-12 01:21:33.378 [main] AllureLifecycle - Could not add attachment: no test is running
[ERROR] 2023-09-12 01:21:34.112 [main] AllureLifecycle - Could not add attachment: no test is running
[ERROR] 2023-09-12 01:21:34.860 [main] AllureLifecycle - Could not add attachment: no test is running
[ERROR] 2023-09-12 02:24:38.196 [main] AllureLifecycle - Could not add attachment: no test is running
[ERROR] 2023-09-12 02:24:39.054 [main] AllureLifecycle - Could not add attachment: no test is running
[ERROR] 2023-09-12 02:24:39.907 [main] AllureLifecycle - Could not add attachment: no test is running
[ERROR] 2023-09-12 02:24:40.763 [main] AllureLifecycle - Could not add attachment: no test is running
[ERROR] 2023-09-12 02:24:41.644 [main] AllureLifecycle - Could not add attachment: no test is running
[ERROR] 2023-09-12 02:24:42.528 [main] AllureLifecycle - Could not add attachment: no test is running
[ERROR] 2023-09-12 02:24:43.308 [main] AllureLifecycle - Could not add attachment: no test is running
[ERROR] 2023-09-12 02:24:44.099 [main] AllureLifecycle - Could not add attachment: no test is running
[ERROR] 2023-09-12 02:24:44.847 [main] AllureLifecycle - Could not add attachment: no test is running
[ERROR] 2023-09-12 02:24:45.633 [main] AllureLifecycle - Could not add attachment: no test is running
[ERROR] 2023-09-12 02:24:46.421 [main] AllureLifecycle - Could not add attachment: no test is running
[ERROR] 2023-09-12 02:24:47.202 [main] AllureLifecycle - Could not add attachment: no test is running
[ERROR] 2023-09-12 02:24:47.980 [main] AllureLifecycle - Could not add attachment: no test is running
[ERROR] 2023-09-12 02:24:48.845 [main] AllureLifecycle - Could not add attachment: no test is running
[ERROR] 2023-09-12 02:24:49.852 [main] AllureLifecycle - Could not add attachment: no test is running
[ERROR] 2023-09-12 12:31:34.552 [main] AllureLifecycle - Could not add attachment: no test is running
[ERROR] 2023-09-12 12:31:35.125 [main] AllureLifecycle - Could not add attachment: no test is running
[ERROR] 2023-09-12 12:31:35.836 [main] AllureLifecycle - Could not add attachment: no test is running
[ERROR] 2023-09-12 12:31:36.416 [main] AllureLifecycle - Could not add attachment: no test is running
[ERROR] 2023-09-12 12:31:36.982 [main] AllureLifecycle - Could not add attachment: no test is running
[ERROR] 2023-09-12 12:31:37.535 [main] AllureLifecycle - Could not add attachment: no test is running
[ERROR] 2023-09-12 12:31:38.028 [main] AllureLifecycle - Could not add attachment: no test is running
[ERROR] 2023-09-12 12:31:38.516 [main] AllureLifecycle - Could not add attachment: no test is running
[ERROR] 2023-09-12 12:31:39.058 [main] AllureLifecycle - Could not add attachment: no test is running
[ERROR] 2023-09-12 12:31:39.582 [main] AllureLifecycle - Could not add attachment: no test is running
[ERROR] 2023-09-12 12:31:40.048 [main] AllureLifecycle - Could not add attachment: no test is running
[ERROR] 2023-09-12 12:31:40.490 [main] AllureLifecycle - Could not add attachment: no test is running
[ERROR] 2023-09-12 12:31:40.918 [main] AllureLifecycle - Could not add attachment: no test is running
[ERROR] 2023-09-12 12:31:41.361 [main] AllureLifecycle - Could not add attachment: no test is running
[ERROR] 2023-09-12 12:31:41.805 [main] AllureLifecycle - Could not add attachment: no test is running
[ERROR] 2023-09-12 12:34:55.271 [main] AllureLifecycle - Could not add attachment: no test is running
[ERROR] 2023-09-12 12:34:55.820 [main] AllureLifecycle - Could not add attachment: no test is running
[ERROR] 2023-09-12 12:34:56.363 [main] AllureLifecycle - Could not add attachment: no test is running
[ERROR] 2023-09-12 12:34:56.917 [main] AllureLifecycle - Could not add attachment: no test is running
[ERROR] 2023-09-12 12:34:57.545 [main] AllureLifecycle - Could not add attachment: no test is running
[ERROR] 2023-09-12 12:34:58.144 [main] AllureLifecycle - Could not add attachment: no test is running
[ERROR] 2023-09-12 12:34:58.671 [main] AllureLifecycle - Could not add attachment: no test is running
[ERROR] 2023-09-12 12:34:59.174 [main] AllureLifecycle - Could not add attachment: no test is running
[ERROR] 2023-09-12 15:30:40.357 [main] AllureLifecycle - Could not add attachment: no test is running
[ERROR] 2023-09-12 15:30:41.244 [main] AllureLifecycle - Could not add attachment: no test is running
[ERROR] 2023-09-12 15:30:42.100 [main] AllureLifecycle - Could not add attachment: no test is running
[ERROR] 2023-09-12 15:30:42.932 [main] AllureLifecycle - Could not add attachment: no test is running
[ERROR] 2023-09-12 15:30:43.685 [main] AllureLifecycle - Could not add attachment: no test is running
[ERROR] 2023-09-12 15:30:44.442 [main] AllureLifecycle - Could not add attachment: no test is running
[ERROR] 2023-09-12 15:30:45.181 [main] AllureLifecycle - Could not add attachment: no test is running
[ERROR] 2023-09-12 15:30:45.965 [main] AllureLifecycle - Could not add attachment: no test is running
[ERROR] 2023-09-12 15:30:46.701 [main] AllureLifecycle - Could not add attachment: no test is running
[ERROR] 2023-09-12 15:30:47.425 [main] AllureLifecycle - Could not add attachment: no test is running
[ERROR] 2023-09-12 15:30:48.162 [main] AllureLifecycle - Could not add attachment: no test is running
[ERROR] 2023-09-12 15:30:48.860 [main] AllureLifecycle - Could not add attachment: no test is running
[ERROR] 2023-09-12 15:30:49.735 [main] AllureLifecycle - Could not add attachment: no test is running
[ERROR] 2023-09-12 15:30:50.436 [main] AllureLifecycle - Could not add attachment: no test is running
[ERROR] 2023-09-12 15:30:51.130 [main] AllureLifecycle - Could not add attachment: no test is running
[ERROR] 2023-09-12 15:30:52.054 [main] AllureLifecycle - Could not add attachment: no test is running
[INFO ] 2023-09-12 15:45:19.016 [main] Log - User navigates to LMS Home Page
[ERROR] 2023-09-12 15:45:29.428 [main] Log - Unable to find element with locator By.xpath: //a[text()='Login']
For documentation on this error, please visit: https://www.selenium.dev/documentation/webdriver/troubleshooting/errors#no-such-element-exception
Build info: version: '4.11.0', revision: '040bc5406b'
System info: os.name: 'Mac OS X', os.arch: 'x86_64', os.version: '12.1', java.version: '17.0.3'
Driver info: driver.version: RemoteWebDriver
[INFO ] 2023-09-12 16:16:29.342 [main] Log - User navigates to LMS Home Page
[ERROR] 2023-09-12 16:16:59.235 [main] Log - Unable to find element with locator By.xpath: //a[text()='Login']
For documentation on this error, please visit: https://www.selenium.dev/documentation/webdriver/troubleshooting/errors#no-such-element-exception
Build info: version: '4.11.0', revision: '040bc5406b'
System info: os.name: 'Mac OS X', os.arch: 'x86_64', os.version: '12.1', java.version: '17.0.3'
Driver info: driver.version: RemoteWebDriver
[INFO ] 2023-09-12 16:22:44.552 [main] Log - User navigates to LMS Home Page
[ERROR] 2023-09-12 16:23:01.192 [main] Log - Unable to find element with locator By.xpath: //a[text()='Login']
For documentation on this error, please visit: https://www.selenium.dev/documentation/webdriver/troubleshooting/errors#no-such-element-exception
Build info: version: '4.11.0', revision: '040bc5406b'
System info: os.name: 'Mac OS X', os.arch: 'x86_64', os.version: '12.1', java.version: '17.0.3'
Driver info: driver.version: RemoteWebDriver
[INFO ] 2023-09-12 16:30:02.790 [main] Log - User navigates to LMS Home Page
[ERROR] 2023-09-12 16:30:07.940 [main] Log - Unable to find element with locator By.xpath: //a[text()='Login']
For documentation on this error, please visit: https://www.selenium.dev/documentation/webdriver/troubleshooting/errors#no-such-element-exception
Build info: version: '4.11.0', revision: '040bc5406b'
System info: os.name: 'Mac OS X', os.arch: 'x86_64', os.version: '12.1', java.version: '17.0.3'
Driver info: driver.version: RemoteWebDriver
